<?xml version="1.0" encoding="UTF-8"?>
<!-- Generated by org.testng.reporters.JUnitXMLReporter -->
<testsuite ignored="0" hostname="Mukeshs-MacBook-Air.local" failures="1" tests="4" name="Test" time="11.147" errors="0" timestamp="2025-06-01T08:22:32 IST">
  <testcase classname="tests.BookingAPITests2" name="createNewBookingTest" time="5.57">
    <skipped/>
  </testcase> <!-- createNewBookingTest -->
  <testcase classname="tests.BookingAPITests2" name="createNewBookingTest" time="1.602">
    <skipped/>
  </testcase> <!-- createNewBookingTest -->
  <testcase classname="tests.BookingAPITests2" name="createNewBookingTest" time="1.401">
    <skipped/>
  </testcase> <!-- createNewBookingTest -->
  <testcase classname="tests.BookingAPITests2" name="createNewBookingTest" time="1.487">
    <failure type="java.lang.AssertionError" message="Response code did not match expected [201] but found [200]">
      <![CDATA[java.lang.AssertionError: Response code did not match expected [201] but found [200]
at tests.BookingAPITests2.createNewBookingTest(BookingAPITests2.java:34)
at java.base/java.util.ArrayList.forEach(ArrayList.java:1596)
... Removed 31 stack frames]]>
    </failure>
  </testcase> <!-- createNewBookingTest -->
</testsuite> <!-- Test -->
